<?xml version="1.0" encoding="UTF-8"?>
<!-- Generated by org.testng.reporters.JUnitReportReporter -->
<testsuite hostname="DESKTOP-RQ71PTT" failures="0" tests="3" name="com.testng.IgnoreTest" time="0.030" errors="0" timestamp="2023-08-07T18:56:57 IST" skipped="2">
  <testcase classname="com.testng.IgnoreTest" name="f3" time="0.030"/>
  <testcase classname="com.testng.IgnoreTest" name="f2">
    <skipped/>
  </testcase> <!-- f2 -->
  <testcase classname="com.testng.IgnoreTest" name="f1">
    <skipped/>
  </testcase> <!-- f1 -->
</testsuite> <!-- com.testng.IgnoreTest -->
