<?xml version="1.0" encoding="UTF-8"?>
<!-- Generated by org.testng.reporters.JUnitReportReporter -->
<testsuite hostname="DESKTOP-RQ71PTT" failures="0" tests="1" name="com.testng.TimeOutTest" time="3.078" errors="0" timestamp="2023-08-07T19:39:43 IST" skipped="0">
  <testcase classname="com.testng.TimeOutTest" name="f" time="3.078"/>
</testsuite> <!-- com.testng.TimeOutTest -->
