<?xml version="1.0" encoding="UTF-8"?>
<!-- Generated by org.testng.reporters.JUnitReportReporter -->
<testsuite hostname="DESKTOP-RQ71PTT" failures="0" tests="2" name="com.testng.simpleAnnotaionTest" time="0.100" errors="0" timestamp="2023-08-03T17:43:40 IST" skipped="0">
  <testcase classname="com.testng.simpleAnnotaionTest" name="f3" time="0.021"/>
  <testcase classname="com.testng.simpleAnnotaionTest" name="f" time="0.079"/>
</testsuite> <!-- com.testng.simpleAnnotaionTest -->
