<?xml version="1.0" encoding="UTF-8"?>
<!-- Generated by org.testng.reporters.JUnitReportReporter -->
<testsuite hostname="DESKTOP-RQ71PTT" failures="0" tests="3" name="com.testng.DependsTest" time="0.066" errors="0" timestamp="2023-08-07T19:15:34 IST" skipped="0">
  <testcase classname="com.testng.DependsTest" name="f" time="0.046"/>
  <testcase classname="com.testng.DependsTest" name="f2" time="0.010"/>
  <testcase classname="com.testng.DependsTest" name="f1" time="0.010"/>
</testsuite> <!-- com.testng.DependsTest -->
