<?xml version="1.0" encoding="UTF-8"?>
<!-- Generated by org.testng.reporters.JUnitReportReporter -->
<testsuite hostname="DESKTOP-RQ71PTT" failures="0" tests="1" name="com.testng.ExpectedTest" time="0.043" errors="0" timestamp="2023-08-07T19:25:53 IST" skipped="0">
  <testcase classname="com.testng.ExpectedTest" name="f" time="0.043"/>
</testsuite> <!-- com.testng.ExpectedTest -->
